<?xml version="1.0" encoding="UTF-8"?>
<!-- Generated by org.testng.reporters.JUnitXMLReporter -->
<testsuite ignored="0" hostname="GAJANANBADAGI" failures="0" tests="2" name="Default test" time="38.888" errors="0" timestamp="2023-05-02T20:43:26 IST">
  <testcase classname="vTiger.OrganizationsTests.CreateNewOrganizationTest" name="createNewOrgTest" time="14.031"/>
  <testcase classname="vTiger.OrganizationsTests.CreateNewOrganizationTest" name="demoOrg" time="0.004"/>
</testsuite> <!-- Default test -->
