<?xml version="1.0" encoding="UTF-8"?>
<!-- Generated by org.testng.reporters.JUnitXMLReporter -->
<testsuite ignored="2" hostname="TYSS-Chaithra" failures="1" tests="3" name="Test" time="105.218" errors="0" timestamp="2023-04-20T08:43:40 IST">
  <testcase classname="vTiger.OrganizationsTests.CreateNewOrganizationTest" name="createNewOrgTest" time="29.243"/>
  <testcase classname="vTiger.OrganizationsTests.CreateNewOrganizationTest" name="demoOrg" time="0.009"/>
  <testcase classname="vTiger.ContactsTests.CreateContactWithOrganizationTest" name="createContactWithOrgTest" time="21.585">
    <failure type="java.lang.AssertionError" message="null">
      <![CDATA[java.lang.AssertionError: null
at vTiger.ContactsTests.CreateContactWithOrganizationTest.createContactWithOrgTest(CreateContactWithOrganizationTest.java:58)
at java.base/java.util.ArrayList.forEach(ArrayList.java:1541)
... Removed 29 stack frames]]>
    </failure>
  </testcase> <!-- createContactWithOrgTest -->
  <testcase classname="vTiger.GenericUtilities.BaseClass" name="@AfterSuite asConfig" time="0.0">
    <ignored/>
  </testcase> <!-- @AfterSuite asConfig -->
  <testcase classname="vTiger.GenericUtilities.BaseClass" name="@BeforeSuite bsConfig" time="0.0">
    <ignored/>
  </testcase> <!-- @BeforeSuite bsConfig -->
</testsuite> <!-- Test -->
