<?xml version="1.0" encoding="UTF-8"?>
<testng-results ignored="0" total="2" passed="2" failed="0" skipped="0">
  <reporter-output>
  </reporter-output>
  <suite started-at="2023-05-02T20:42:47 IST" name="Default suite" finished-at="2023-05-02T20:43:26 IST" duration-ms="38888">
    <groups>
      <group name="RegressionSuite">
        <method signature="CreateNewOrganizationTest.demoOrg()[pri:0, instance:vTiger.OrganizationsTests.CreateNewOrganizationTest@82de64a]" name="demoOrg" class="vTiger.OrganizationsTests.CreateNewOrganizationTest"/>
      </group> <!-- RegressionSuite -->
      <group name="SmokeSuite">
        <method signature="CreateNewOrganizationTest.createNewOrgTest()[pri:0, instance:vTiger.OrganizationsTests.CreateNewOrganizationTest@82de64a]" name="createNewOrgTest" class="vTiger.OrganizationsTests.CreateNewOrganizationTest"/>
      </group> <!-- SmokeSuite -->
    </groups>
    <test started-at="2023-05-02T20:42:47 IST" name="Default test" finished-at="2023-05-02T20:43:26 IST" duration-ms="38888">
      <class name="vTiger.OrganizationsTests.CreateNewOrganizationTest">
        <test-method is-config="true" signature="bsConfig()[pri:0, instance:vTiger.OrganizationsTests.CreateNewOrganizationTest@82de64a]" started-at="2023-05-02T20:42:47 IST" name="bsConfig" finished-at="2023-05-02T20:42:47 IST" duration-ms="8" status="PASS">
          <reporter-output>
          </reporter-output>
        </test-method> <!-- bsConfig -->
        <test-method is-config="true" signature="bcConfig()[pri:0, instance:vTiger.OrganizationsTests.CreateNewOrganizationTest@82de64a]" started-at="2023-05-02T20:42:47 IST" name="bcConfig" finished-at="2023-05-02T20:42:55 IST" duration-ms="7783" status="PASS">
          <reporter-output>
          </reporter-output>
        </test-method> <!-- bcConfig -->
        <test-method is-config="true" signature="bmConfig()[pri:0, instance:vTiger.OrganizationsTests.CreateNewOrganizationTest@82de64a]" started-at="2023-05-02T20:42:55 IST" name="bmConfig" finished-at="2023-05-02T20:42:58 IST" duration-ms="2841" status="PASS">
          <reporter-output>
          </reporter-output>
        </test-method> <!-- bmConfig -->
        <test-method signature="createNewOrgTest()[pri:0, instance:vTiger.OrganizationsTests.CreateNewOrganizationTest@82de64a]" started-at="2023-05-02T20:42:58 IST" name="createNewOrgTest" finished-at="2023-05-02T20:43:12 IST" duration-ms="14031" status="PASS">
          <reporter-output>
          </reporter-output>
        </test-method> <!-- createNewOrgTest -->
        <test-method is-config="true" signature="amConfig()[pri:0, instance:vTiger.OrganizationsTests.CreateNewOrganizationTest@82de64a]" started-at="2023-05-02T20:43:12 IST" name="amConfig" finished-at="2023-05-02T20:43:16 IST" duration-ms="3967" status="PASS">
          <reporter-output>
          </reporter-output>
        </test-method> <!-- amConfig -->
        <test-method is-config="true" signature="bmConfig()[pri:0, instance:vTiger.OrganizationsTests.CreateNewOrganizationTest@82de64a]" started-at="2023-05-02T20:43:16 IST" name="bmConfig" finished-at="2023-05-02T20:43:19 IST" duration-ms="3129" status="PASS">
          <reporter-output>
          </reporter-output>
        </test-method> <!-- bmConfig -->
        <test-method signature="demoOrg()[pri:0, instance:vTiger.OrganizationsTests.CreateNewOrganizationTest@82de64a]" started-at="2023-05-02T20:43:19 IST" name="demoOrg" finished-at="2023-05-02T20:43:19 IST" duration-ms="4" status="PASS">
          <reporter-output>
          </reporter-output>
        </test-method> <!-- demoOrg -->
        <test-method is-config="true" signature="amConfig()[pri:0, instance:vTiger.OrganizationsTests.CreateNewOrganizationTest@82de64a]" started-at="2023-05-02T20:43:19 IST" name="amConfig" finished-at="2023-05-02T20:43:24 IST" duration-ms="5403" status="PASS">
          <reporter-output>
          </reporter-output>
        </test-method> <!-- amConfig -->
        <test-method is-config="true" signature="acConfig()[pri:0, instance:vTiger.OrganizationsTests.CreateNewOrganizationTest@82de64a]" started-at="2023-05-02T20:43:24 IST" name="acConfig" finished-at="2023-05-02T20:43:26 IST" duration-ms="1273" status="PASS">
          <reporter-output>
          </reporter-output>
        </test-method> <!-- acConfig -->
        <test-method is-config="true" signature="asConfig()[pri:0, instance:vTiger.OrganizationsTests.CreateNewOrganizationTest@82de64a]" started-at="2023-05-02T20:43:26 IST" name="asConfig" finished-at="2023-05-02T20:43:26 IST" duration-ms="0" status="PASS">
          <reporter-output>
          </reporter-output>
        </test-method> <!-- asConfig -->
      </class> <!-- vTiger.OrganizationsTests.CreateNewOrganizationTest -->
    </test> <!-- Default test -->
  </suite> <!-- Default suite -->
</testng-results>
